<?xml version="1.0" encoding="UTF-8"?>
<!-- Generated by org.testng.reporters.JUnitXMLReporter -->
<testsuite hostname="LAPTOP-LRO7FSU4" ignored="0" name="Default test" tests="1" failures="0" timestamp="02 六月 2018 15:22:35 GMT" time="0.025" errors="0">
  <testcase name="@BeforeTest browserStart" time="0.0" classname="com.hustar.autoTestDemo.TestBaiduDemo">
    <failure type="org.testng.TestNGException" message="
Parameter &amp;apos;registerPage&amp;apos; is required by BeforeTest on method browserStart but has not been marked @Optional or defined
in C:\Users\yueming\AppData\Local\Temp\testng-eclipse--1713035975\testng-customsuite.xml">
      <![CDATA[org.testng.TestNGException: 
Parameter 'registerPage' is required by BeforeTest on method browserStart but has not been marked @Optional or defined
in C:\Users\yueming\AppData\Local\Temp\testng-eclipse--1713035975\testng-customsuite.xml
	at org.testng.internal.Parameters.createParameters(Parameters.java:199)
	at org.testng.internal.Parameters.createParameters(Parameters.java:443)
	at org.testng.internal.Parameters.createConfigurationParameters(Parameters.java:118)
	at org.testng.internal.Invoker.invokeConfigurations(Invoker.java:203)
	at org.testng.internal.Invoker.invokeConfigurations(Invoker.java:144)
	at org.testng.TestRunner.beforeRun(TestRunner.java:634)
	at org.testng.TestRunner.run(TestRunner.java:602)
	at org.testng.SuiteRunner.runTest(SuiteRunner.java:387)
	at org.testng.SuiteRunner.runSequentially(SuiteRunner.java:382)
	at org.testng.SuiteRunner.privateRun(SuiteRunner.java:340)
	at org.testng.SuiteRunner.run(SuiteRunner.java:289)
	at org.testng.SuiteRunnerWorker.runSuite(SuiteRunnerWorker.java:52)
	at org.testng.SuiteRunnerWorker.run(SuiteRunnerWorker.java:86)
	at org.testng.TestNG.runSuitesSequentially(TestNG.java:1293)
	at org.testng.TestNG.runSuitesLocally(TestNG.java:1218)
	at org.testng.TestNG.runSuites(TestNG.java:1133)
	at org.testng.TestNG.run(TestNG.java:1104)
	at org.testng.remote.AbstractRemoteTestNG.run(AbstractRemoteTestNG.java:132)
	at org.testng.remote.RemoteTestNG.initAndRun(RemoteTestNG.java:236)
	at org.testng.remote.RemoteTestNG.main(RemoteTestNG.java:81)
]]>
    </failure>
  </testcase> <!-- @BeforeTest browserStart -->
  <testcase name="@AfterTest browserClose" time="0.0" classname="com.hustar.autoTestDemo.TestBaiduDemo">
    <skipped/>
  </testcase> <!-- @AfterTest browserClose -->
  <testcase name="fitness" time="0.004" classname="com.hustar.autoTestDemo.TestBaiduDemo">
    <skipped/>
  </testcase> <!-- fitness -->
</testsuite> <!-- Default test -->
